<?xml version="1.0" encoding="UTF-8"?>
<beans xmlns="http://www.springframework.org/schema/beans"
       xmlns:xsi="http://www.w3.org/2001/XMLSchema-instance"
       xsi:schemaLocation="http://www.springframework.org/schema/beans http://www.springframework.org/schema/beans/spring-beans.xsd">
    <bean id="freemarkerConfig" class="org.springframework.web.servlet.view.freemarker.FreeMarkerConfigurer">
        <property name="templateLoaderPath" value="/WEB-INF/freemarker/"/>
    </bean>
    <bean id="viewResolver" class="org.springframework.web.servlet.view.freemarker.FreeMarkerViewResolver">
        <property name="cache" value="true"/>
        <property name="prefix" value=""/>
        <property name="suffix" value=".ftl"/>
        <!-- if you want to use the Spring FreeMarker macros, set this property to true -->
        <property name="exposeSpringMacroHelpers" value="true"/>
    </bean>
    <bean class="org.springframework.web.servlet.handler.SimpleUrlHandlerMapping">
        <property name="mappings">
            <props>
                <prop key="/controller/test.htm">testController</prop>
            </props>
        </property>
    </bean>
    <bean class="org.springframework.web.servlet.mvc.support.ControllerBeanNameHandlerMapping"/>
    <bean name="testController" class="controllers.TestController"/>
</beans>